<?xml version="1.0" encoding="utf-8"?><testsuites name="pytest tests"><testsuite name="pytest" errors="0" failures="0" skipped="0" tests="6" time="1.961" timestamp="2026-07-18T15:06:34.552266+00:00" hostname="agent-env-b63f011a-49ef-419f-8efb-0e7a620f7e1c"><testcase classname="tests.test_subscribe" name="test_root" time="0.338" /><testcase classname="tests.test_subscribe" name="test_subscribe_count_baseline" time="0.140" /><testcase classname="tests.test_subscribe" name="test_subscribe_valid" time="0.120" /><testcase classname="tests.test_subscribe" name="test_subscribe_duplicate" time="0.213" /><testcase classname="tests.test_subscribe" name="test_subscribe_invalid_email" time="0.098" /><testcase classname="tests.test_subscribe" name="test_subscribe_count_increments" time="0.388" /></testsuite></testsuites>